[0.006s] Invoking command in '/home/abhishek/ros2_ws/build/my_robot': CMAKE_PREFIX_PATH=/opt/ros/humble /usr/bin/cmake /home/abhishek/ros2_ws/src/my_robot -DCMAKE_INSTALL_PREFIX=/home/abhishek/ros2_ws/install/my_robot
[0.134s] -- The C compiler identification is GNU 11.4.0
[0.224s] -- The CXX compiler identification is GNU 11.4.0
[0.235s] -- Detecting C compiler ABI info
[0.321s] -- Detecting C compiler ABI info - done
[0.331s] -- Check for working C compiler: /usr/bin/cc - skipped
[0.332s] -- Detecting C compile features
[0.333s] -- Detecting C compile features - done
[0.340s] -- Detecting CXX compiler ABI info
[0.443s] -- Detecting CXX compiler ABI info - done
[0.453s] -- Check for working CXX compiler: /usr/bin/c++ - skipped
[0.453s] -- Detecting CXX compile features
[0.454s] -- Detecting CXX compile features - done
[0.456s] -- Found ament_cmake: 1.3.14 (/opt/ros/humble/share/ament_cmake/cmake)
[0.604s] -- Found Python3: /usr/bin/python3 (found version "3.10.12") found components: Interpreter 
[0.691s] -- Found ament_lint_auto: 0.12.15 (/opt/ros/humble/share/ament_lint_auto/cmake)
[0.760s] -- Added test 'flake8' to check Python code syntax and style conventions
[0.760s] -- Added test 'lint_cmake' to check CMake code style
[0.761s] -- Added test 'pep257' to check Python code against some of the docstring style conventions in PEP 257
[0.762s] -- Added test 'xmllint' to check XML markup files
[0.763s] -- Configuring done
[0.764s] -- Generating done
[0.765s] -- Build files have been written to: /home/abhishek/ros2_ws/build/my_robot
[0.768s] Invoked command in '/home/abhishek/ros2_ws/build/my_robot' returned '0': CMAKE_PREFIX_PATH=/opt/ros/humble /usr/bin/cmake /home/abhishek/ros2_ws/src/my_robot -DCMAKE_INSTALL_PREFIX=/home/abhishek/ros2_ws/install/my_robot
[0.770s] Invoking command in '/home/abhishek/ros2_ws/build/my_robot': CMAKE_PREFIX_PATH=/opt/ros/humble /usr/bin/cmake --build /home/abhishek/ros2_ws/build/my_robot -- -j12 -l12
[0.813s] Invoked command in '/home/abhishek/ros2_ws/build/my_robot' returned '0': CMAKE_PREFIX_PATH=/opt/ros/humble /usr/bin/cmake --build /home/abhishek/ros2_ws/build/my_robot -- -j12 -l12
[0.825s] Invoking command in '/home/abhishek/ros2_ws/build/my_robot': CMAKE_PREFIX_PATH=/opt/ros/humble /usr/bin/cmake --install /home/abhishek/ros2_ws/build/my_robot
[0.835s] -- Install configuration: ""
[0.835s] -- Installing: /home/abhishek/ros2_ws/install/my_robot/share/ament_index/resource_index/package_run_dependencies/my_robot
[0.835s] -- Installing: /home/abhishek/ros2_ws/install/my_robot/share/ament_index/resource_index/parent_prefix_path/my_robot
[0.835s] -- Installing: /home/abhishek/ros2_ws/install/my_robot/share/my_robot/environment/ament_prefix_path.sh
[0.836s] -- Installing: /home/abhishek/ros2_ws/install/my_robot/share/my_robot/environment/ament_prefix_path.dsv
[0.836s] -- Installing: /home/abhishek/ros2_ws/install/my_robot/share/my_robot/environment/path.sh
[0.836s] -- Installing: /home/abhishek/ros2_ws/install/my_robot/share/my_robot/environment/path.dsv
[0.836s] -- Installing: /home/abhishek/ros2_ws/install/my_robot/share/my_robot/local_setup.bash
[0.836s] -- Installing: /home/abhishek/ros2_ws/install/my_robot/share/my_robot/local_setup.sh
[0.836s] -- Installing: /home/abhishek/ros2_ws/install/my_robot/share/my_robot/local_setup.zsh
[0.836s] -- Installing: /home/abhishek/ros2_ws/install/my_robot/share/my_robot/local_setup.dsv
[0.836s] -- Installing: /home/abhishek/ros2_ws/install/my_robot/share/my_robot/package.dsv
[0.836s] -- Installing: /home/abhishek/ros2_ws/install/my_robot/share/ament_index/resource_index/packages/my_robot
[0.836s] -- Installing: /home/abhishek/ros2_ws/install/my_robot/share/my_robot/cmake/my_robotConfig.cmake
[0.837s] -- Installing: /home/abhishek/ros2_ws/install/my_robot/share/my_robot/cmake/my_robotConfig-version.cmake
[0.837s] -- Installing: /home/abhishek/ros2_ws/install/my_robot/share/my_robot/package.xml
[0.837s] -- Installing: /home/abhishek/ros2_ws/install/my_robot/share/my_robot/launch
[0.837s] -- Installing: /home/abhishek/ros2_ws/install/my_robot/share/my_robot/launch/display.launch.py
[0.837s] -- Installing: /home/abhishek/ros2_ws/install/my_robot/share/my_robot/urdf
[0.837s] -- Installing: /home/abhishek/ros2_ws/install/my_robot/share/my_robot/urdf/my_robot.urdf
[0.837s] -- Installing: /home/abhishek/ros2_ws/install/my_robot/share/my_robot/rviz
[0.839s] Invoked command in '/home/abhishek/ros2_ws/build/my_robot' returned '0': CMAKE_PREFIX_PATH=/opt/ros/humble /usr/bin/cmake --install /home/abhishek/ros2_ws/build/my_robot
