[0.008s] Invoking command in '/home/abhishek/ros2_ws/build/my_robot': CMAKE_PREFIX_PATH=${CMAKE_PREFIX_PATH}:/opt/ros/humble /usr/bin/cmake /home/abhishek/ros2_ws/src/my_robot -DAMENT_CMAKE_SYMLINK_INSTALL=1 -DCMAKE_INSTALL_PREFIX=/home/abhishek/ros2_ws/install/my_robot
[0.016s] -- Found ament_cmake: 1.3.14 (/opt/ros/humble/share/ament_cmake/cmake)
[0.108s] -- Override CMake install command with custom implementation using symlinks instead of copying resources
[0.114s] -- Found ament_lint_auto: 0.12.15 (/opt/ros/humble/share/ament_lint_auto/cmake)
[0.162s] -- Added test 'flake8' to check Python code syntax and style conventions
[0.163s] -- Added test 'lint_cmake' to check CMake code style
[0.163s] -- Added test 'pep257' to check Python code against some of the docstring style conventions in PEP 257
[0.163s] -- Added test 'xmllint' to check XML markup files
[0.164s] -- Configuring done
[0.166s] -- Generating done
[0.167s] -- Build files have been written to: /home/abhishek/ros2_ws/build/my_robot
[0.169s] Invoked command in '/home/abhishek/ros2_ws/build/my_robot' returned '0': CMAKE_PREFIX_PATH=${CMAKE_PREFIX_PATH}:/opt/ros/humble /usr/bin/cmake /home/abhishek/ros2_ws/src/my_robot -DAMENT_CMAKE_SYMLINK_INSTALL=1 -DCMAKE_INSTALL_PREFIX=/home/abhishek/ros2_ws/install/my_robot
[0.170s] Invoking command in '/home/abhishek/ros2_ws/build/my_robot': CMAKE_PREFIX_PATH=${CMAKE_PREFIX_PATH}:/opt/ros/humble /usr/bin/cmake --build /home/abhishek/ros2_ws/build/my_robot -- -j12 -l12
[0.213s] Invoked command in '/home/abhishek/ros2_ws/build/my_robot' returned '0': CMAKE_PREFIX_PATH=${CMAKE_PREFIX_PATH}:/opt/ros/humble /usr/bin/cmake --build /home/abhishek/ros2_ws/build/my_robot -- -j12 -l12
[0.224s] Invoking command in '/home/abhishek/ros2_ws/build/my_robot': CMAKE_PREFIX_PATH=${CMAKE_PREFIX_PATH}:/opt/ros/humble /usr/bin/cmake --install /home/abhishek/ros2_ws/build/my_robot
[0.233s] -- Install configuration: ""
[0.233s] -- Execute custom install script
[0.233s] -- Symlinking: /home/abhishek/ros2_ws/install/my_robot/share/ament_index/resource_index/package_run_dependencies/my_robot
[0.244s] -- Symlinking: /home/abhishek/ros2_ws/install/my_robot/share/ament_index/resource_index/parent_prefix_path/my_robot
[0.252s] -- Symlinking: /home/abhishek/ros2_ws/install/my_robot/share/my_robot/environment/ament_prefix_path.sh
[0.262s] -- Symlinking: /home/abhishek/ros2_ws/install/my_robot/share/my_robot/environment/ament_prefix_path.dsv
[0.273s] -- Symlinking: /home/abhishek/ros2_ws/install/my_robot/share/my_robot/environment/path.sh
[0.283s] -- Symlinking: /home/abhishek/ros2_ws/install/my_robot/share/my_robot/environment/path.dsv
[0.295s] -- Symlinking: /home/abhishek/ros2_ws/install/my_robot/share/my_robot/local_setup.bash
[0.306s] -- Symlinking: /home/abhishek/ros2_ws/install/my_robot/share/my_robot/local_setup.sh
[0.317s] -- Symlinking: /home/abhishek/ros2_ws/install/my_robot/share/my_robot/local_setup.zsh
[0.327s] -- Symlinking: /home/abhishek/ros2_ws/install/my_robot/share/my_robot/local_setup.dsv
[0.340s] -- Symlinking: /home/abhishek/ros2_ws/install/my_robot/share/my_robot/package.dsv
[0.350s] -- Symlinking: /home/abhishek/ros2_ws/install/my_robot/share/ament_index/resource_index/packages/my_robot
[0.360s] -- Symlinking: /home/abhishek/ros2_ws/install/my_robot/share/my_robot/cmake/my_robotConfig.cmake
[0.369s] -- Symlinking: /home/abhishek/ros2_ws/install/my_robot/share/my_robot/cmake/my_robotConfig-version.cmake
[0.380s] -- Symlinking: /home/abhishek/ros2_ws/install/my_robot/share/my_robot/package.xml
[0.391s] -- Symlinking: /home/abhishek/ros2_ws/install/my_robot/share/my_robot/launch/display.launch.py
[0.402s] -- Symlinking: /home/abhishek/ros2_ws/install/my_robot/share/my_robot/launch/gazebo.launch.py
[0.413s] -- Symlinking: /home/abhishek/ros2_ws/install/my_robot/share/my_robot/urdf/my_robot.urdf
[0.426s] Invoked command in '/home/abhishek/ros2_ws/build/my_robot' returned '0': CMAKE_PREFIX_PATH=${CMAKE_PREFIX_PATH}:/opt/ros/humble /usr/bin/cmake --install /home/abhishek/ros2_ws/build/my_robot
