[0.007s] Invoking command in '/home/abhishek/ros2_ws/build/my_robot': CMAKE_PREFIX_PATH=${CMAKE_PREFIX_PATH}:/opt/ros/humble /usr/bin/cmake /home/abhishek/ros2_ws/src/my_robot -DAMENT_CMAKE_SYMLINK_INSTALL=1 -DCMAKE_INSTALL_PREFIX=/home/abhishek/ros2_ws/install/my_robot
[0.018s] -- Found ament_cmake: 1.3.14 (/opt/ros/humble/share/ament_cmake/cmake)
[0.109s] -- Override CMake install command with custom implementation using symlinks instead of copying resources
[0.120s] -- Found ament_lint_auto: 0.12.15 (/opt/ros/humble/share/ament_lint_auto/cmake)
[0.175s] -- Added test 'flake8' to check Python code syntax and style conventions
[0.175s] -- Added test 'lint_cmake' to check CMake code style
[0.175s] -- Added test 'pep257' to check Python code against some of the docstring style conventions in PEP 257
[0.176s] -- Added test 'xmllint' to check XML markup files
[0.176s] -- Configuring done
[0.178s] -- Generating done
[0.179s] -- Build files have been written to: /home/abhishek/ros2_ws/build/my_robot
[0.181s] Invoked command in '/home/abhishek/ros2_ws/build/my_robot' returned '0': CMAKE_PREFIX_PATH=${CMAKE_PREFIX_PATH}:/opt/ros/humble /usr/bin/cmake /home/abhishek/ros2_ws/src/my_robot -DAMENT_CMAKE_SYMLINK_INSTALL=1 -DCMAKE_INSTALL_PREFIX=/home/abhishek/ros2_ws/install/my_robot
[0.183s] Invoking command in '/home/abhishek/ros2_ws/build/my_robot': CMAKE_PREFIX_PATH=${CMAKE_PREFIX_PATH}:/opt/ros/humble /usr/bin/cmake --build /home/abhishek/ros2_ws/build/my_robot -- -j12 -l12
[0.224s] Invoked command in '/home/abhishek/ros2_ws/build/my_robot' returned '0': CMAKE_PREFIX_PATH=${CMAKE_PREFIX_PATH}:/opt/ros/humble /usr/bin/cmake --build /home/abhishek/ros2_ws/build/my_robot -- -j12 -l12
[0.236s] Invoking command in '/home/abhishek/ros2_ws/build/my_robot': CMAKE_PREFIX_PATH=${CMAKE_PREFIX_PATH}:/opt/ros/humble /usr/bin/cmake --install /home/abhishek/ros2_ws/build/my_robot
[0.245s] -- Install configuration: ""
[0.246s] -- Execute custom install script
[0.246s] -- Symlinking: /home/abhishek/ros2_ws/install/my_robot/share/ament_index/resource_index/package_run_dependencies/my_robot
[0.257s] -- Symlinking: /home/abhishek/ros2_ws/install/my_robot/share/ament_index/resource_index/parent_prefix_path/my_robot
[0.267s] -- Symlinking: /home/abhishek/ros2_ws/install/my_robot/share/my_robot/environment/ament_prefix_path.sh
[0.276s] -- Symlinking: /home/abhishek/ros2_ws/install/my_robot/share/my_robot/environment/ament_prefix_path.dsv
[0.285s] -- Symlinking: /home/abhishek/ros2_ws/install/my_robot/share/my_robot/environment/path.sh
[0.295s] -- Symlinking: /home/abhishek/ros2_ws/install/my_robot/share/my_robot/environment/path.dsv
[0.304s] -- Symlinking: /home/abhishek/ros2_ws/install/my_robot/share/my_robot/local_setup.bash
[0.314s] -- Symlinking: /home/abhishek/ros2_ws/install/my_robot/share/my_robot/local_setup.sh
[0.323s] -- Symlinking: /home/abhishek/ros2_ws/install/my_robot/share/my_robot/local_setup.zsh
[0.333s] -- Symlinking: /home/abhishek/ros2_ws/install/my_robot/share/my_robot/local_setup.dsv
[0.343s] -- Symlinking: /home/abhishek/ros2_ws/install/my_robot/share/my_robot/package.dsv
[0.353s] -- Symlinking: /home/abhishek/ros2_ws/install/my_robot/share/ament_index/resource_index/packages/my_robot
[0.364s] -- Symlinking: /home/abhishek/ros2_ws/install/my_robot/share/my_robot/cmake/my_robotConfig.cmake
[0.374s] -- Symlinking: /home/abhishek/ros2_ws/install/my_robot/share/my_robot/cmake/my_robotConfig-version.cmake
[0.384s] -- Symlinking: /home/abhishek/ros2_ws/install/my_robot/share/my_robot/package.xml
[0.394s] -- Symlinking: /home/abhishek/ros2_ws/install/my_robot/share/my_robot/launch/display.launch.py
[0.406s] -- Symlinking: /home/abhishek/ros2_ws/install/my_robot/share/my_robot/urdf/my_robot.urdf
[0.419s] Invoked command in '/home/abhishek/ros2_ws/build/my_robot' returned '0': CMAKE_PREFIX_PATH=${CMAKE_PREFIX_PATH}:/opt/ros/humble /usr/bin/cmake --install /home/abhishek/ros2_ws/build/my_robot
