[0.007s] Invoking command in '/home/abhishek/ros2_ws/build/my_robot': CMAKE_PREFIX_PATH=${CMAKE_PREFIX_PATH}:/opt/ros/humble /usr/bin/cmake --build /home/abhishek/ros2_ws/build/my_robot -- -j12 -l12
[0.037s] Invoked command in '/home/abhishek/ros2_ws/build/my_robot' returned '0': CMAKE_PREFIX_PATH=${CMAKE_PREFIX_PATH}:/opt/ros/humble /usr/bin/cmake --build /home/abhishek/ros2_ws/build/my_robot -- -j12 -l12
[0.047s] Invoking command in '/home/abhishek/ros2_ws/build/my_robot': CMAKE_PREFIX_PATH=${CMAKE_PREFIX_PATH}:/opt/ros/humble /usr/bin/cmake --install /home/abhishek/ros2_ws/build/my_robot
[0.057s] -- Install configuration: ""
[0.057s] -- Up-to-date: /home/abhishek/ros2_ws/install/my_robot/share/ament_index/resource_index/package_run_dependencies/my_robot
[0.058s] -- Up-to-date: /home/abhishek/ros2_ws/install/my_robot/share/ament_index/resource_index/parent_prefix_path/my_robot
[0.058s] -- Up-to-date: /home/abhishek/ros2_ws/install/my_robot/share/my_robot/environment/ament_prefix_path.sh
[0.058s] -- Up-to-date: /home/abhishek/ros2_ws/install/my_robot/share/my_robot/environment/ament_prefix_path.dsv
[0.058s] -- Up-to-date: /home/abhishek/ros2_ws/install/my_robot/share/my_robot/environment/path.sh
[0.058s] -- Up-to-date: /home/abhishek/ros2_ws/install/my_robot/share/my_robot/environment/path.dsv
[0.058s] -- Up-to-date: /home/abhishek/ros2_ws/install/my_robot/share/my_robot/local_setup.bash
[0.058s] -- Up-to-date: /home/abhishek/ros2_ws/install/my_robot/share/my_robot/local_setup.sh
[0.058s] -- Up-to-date: /home/abhishek/ros2_ws/install/my_robot/share/my_robot/local_setup.zsh
[0.059s] -- Up-to-date: /home/abhishek/ros2_ws/install/my_robot/share/my_robot/local_setup.dsv
[0.059s] -- Up-to-date: /home/abhishek/ros2_ws/install/my_robot/share/my_robot/package.dsv
[0.059s] -- Up-to-date: /home/abhishek/ros2_ws/install/my_robot/share/ament_index/resource_index/packages/my_robot
[0.059s] -- Up-to-date: /home/abhishek/ros2_ws/install/my_robot/share/my_robot/cmake/my_robotConfig.cmake
[0.059s] -- Up-to-date: /home/abhishek/ros2_ws/install/my_robot/share/my_robot/cmake/my_robotConfig-version.cmake
[0.059s] -- Up-to-date: /home/abhishek/ros2_ws/install/my_robot/share/my_robot/package.xml
[0.059s] -- Up-to-date: /home/abhishek/ros2_ws/install/my_robot/share/my_robot/launch
[0.059s] -- Up-to-date: /home/abhishek/ros2_ws/install/my_robot/share/my_robot/launch/gazebo.launch.py
[0.059s] -- Up-to-date: /home/abhishek/ros2_ws/install/my_robot/share/my_robot/launch/display.launch.py
[0.059s] -- Up-to-date: /home/abhishek/ros2_ws/install/my_robot/share/my_robot/urdf
[0.059s] -- Installing: /home/abhishek/ros2_ws/install/my_robot/share/my_robot/urdf/my_robot.urdf
[0.059s] -- Up-to-date: /home/abhishek/ros2_ws/install/my_robot/share/my_robot/rviz
[0.061s] Invoked command in '/home/abhishek/ros2_ws/build/my_robot' returned '0': CMAKE_PREFIX_PATH=${CMAKE_PREFIX_PATH}:/opt/ros/humble /usr/bin/cmake --install /home/abhishek/ros2_ws/build/my_robot
