[0.008s] Invoking command in '/home/abhishek/ros2_ws/build/my_robot': CMAKE_PREFIX_PATH=${CMAKE_PREFIX_PATH}:/opt/ros/humble /usr/bin/cmake --build /home/abhishek/ros2_ws/build/my_robot -- -j12 -l12
[0.051s] Invoked command in '/home/abhishek/ros2_ws/build/my_robot' returned '0': CMAKE_PREFIX_PATH=${CMAKE_PREFIX_PATH}:/opt/ros/humble /usr/bin/cmake --build /home/abhishek/ros2_ws/build/my_robot -- -j12 -l12
[0.062s] Invoking command in '/home/abhishek/ros2_ws/build/my_robot': CMAKE_PREFIX_PATH=${CMAKE_PREFIX_PATH}:/opt/ros/humble /usr/bin/cmake --install /home/abhishek/ros2_ws/build/my_robot
[0.071s] -- Install configuration: ""
[0.072s] -- Execute custom install script
[0.072s] -- Up-to-date symlink: /home/abhishek/ros2_ws/install/my_robot/share/ament_index/resource_index/package_run_dependencies/my_robot
[0.072s] -- Up-to-date symlink: /home/abhishek/ros2_ws/install/my_robot/share/ament_index/resource_index/parent_prefix_path/my_robot
[0.072s] -- Up-to-date symlink: /home/abhishek/ros2_ws/install/my_robot/share/my_robot/environment/ament_prefix_path.sh
[0.073s] -- Up-to-date symlink: /home/abhishek/ros2_ws/install/my_robot/share/my_robot/environment/ament_prefix_path.dsv
[0.073s] -- Up-to-date symlink: /home/abhishek/ros2_ws/install/my_robot/share/my_robot/environment/path.sh
[0.073s] -- Up-to-date symlink: /home/abhishek/ros2_ws/install/my_robot/share/my_robot/environment/path.dsv
[0.073s] -- Up-to-date symlink: /home/abhishek/ros2_ws/install/my_robot/share/my_robot/local_setup.bash
[0.073s] -- Up-to-date symlink: /home/abhishek/ros2_ws/install/my_robot/share/my_robot/local_setup.sh
[0.073s] -- Up-to-date symlink: /home/abhishek/ros2_ws/install/my_robot/share/my_robot/local_setup.zsh
[0.073s] -- Up-to-date symlink: /home/abhishek/ros2_ws/install/my_robot/share/my_robot/local_setup.dsv
[0.074s] -- Symlinking: /home/abhishek/ros2_ws/install/my_robot/share/my_robot/package.dsv
[0.083s] -- Up-to-date symlink: /home/abhishek/ros2_ws/install/my_robot/share/ament_index/resource_index/packages/my_robot
[0.084s] -- Up-to-date symlink: /home/abhishek/ros2_ws/install/my_robot/share/my_robot/cmake/my_robotConfig.cmake
[0.084s] -- Up-to-date symlink: /home/abhishek/ros2_ws/install/my_robot/share/my_robot/cmake/my_robotConfig-version.cmake
[0.084s] -- Up-to-date symlink: /home/abhishek/ros2_ws/install/my_robot/share/my_robot/package.xml
[0.084s] -- Up-to-date symlink: /home/abhishek/ros2_ws/install/my_robot/share/my_robot/launch/display.launch.py
[0.084s] -- Up-to-date symlink: /home/abhishek/ros2_ws/install/my_robot/share/my_robot/launch/gazebo.launch.py
[0.084s] -- Up-to-date symlink: /home/abhishek/ros2_ws/install/my_robot/share/my_robot/urdf/my_robot.urdf
[0.086s] Invoked command in '/home/abhishek/ros2_ws/build/my_robot' returned '0': CMAKE_PREFIX_PATH=${CMAKE_PREFIX_PATH}:/opt/ros/humble /usr/bin/cmake --install /home/abhishek/ros2_ws/build/my_robot
