[0.014s] Invoking command in '/home/abhishek/ros2_ws/build/my_robot': CMAKE_PREFIX_PATH=/opt/ros/humble /usr/bin/cmake /home/abhishek/ros2_ws/src/my_robot -DCMAKE_INSTALL_PREFIX=/home/abhishek/ros2_ws/install/my_robot
[0.164s] -- The C compiler identification is GNU 11.4.0
[0.322s] -- The CXX compiler identification is GNU 11.4.0
[0.340s] -- Detecting C compiler ABI info
[0.432s] -- Detecting C compiler ABI info - done
[0.438s] -- Check for working C compiler: /usr/bin/cc - skipped
[0.442s] -- Detecting C compile features
[0.442s] -- Detecting C compile features - done
[0.449s] -- Detecting CXX compiler ABI info
[0.570s] -- Detecting CXX compiler ABI info - done
[0.577s] -- Check for working CXX compiler: /usr/bin/c++ - skipped
[0.578s] -- Detecting CXX compile features
[0.579s] -- Detecting CXX compile features - done
[0.585s] -- Found ament_cmake: 1.3.14 (/opt/ros/humble/share/ament_cmake/cmake)
[0.792s] -- Found Python3: /usr/bin/python3 (found version "3.10.12") found components: Interpreter 
[0.964s] -- Found ament_lint_auto: 0.12.15 (/opt/ros/humble/share/ament_lint_auto/cmake)
[1.043s] -- Added test 'flake8' to check Python code syntax and style conventions
[1.044s] -- Added test 'lint_cmake' to check CMake code style
[1.044s] -- Added test 'pep257' to check Python code against some of the docstring style conventions in PEP 257
[1.046s] -- Added test 'xmllint' to check XML markup files
[1.048s] -- Configuring done
[1.050s] -- Generating done
[1.052s] -- Build files have been written to: /home/abhishek/ros2_ws/build/my_robot
[1.057s] Invoked command in '/home/abhishek/ros2_ws/build/my_robot' returned '0': CMAKE_PREFIX_PATH=/opt/ros/humble /usr/bin/cmake /home/abhishek/ros2_ws/src/my_robot -DCMAKE_INSTALL_PREFIX=/home/abhishek/ros2_ws/install/my_robot
[1.059s] Invoking command in '/home/abhishek/ros2_ws/build/my_robot': CMAKE_PREFIX_PATH=/opt/ros/humble /usr/bin/cmake --build /home/abhishek/ros2_ws/build/my_robot -- -j12 -l12
[1.106s] Invoked command in '/home/abhishek/ros2_ws/build/my_robot' returned '0': CMAKE_PREFIX_PATH=/opt/ros/humble /usr/bin/cmake --build /home/abhishek/ros2_ws/build/my_robot -- -j12 -l12
[1.116s] Invoking command in '/home/abhishek/ros2_ws/build/my_robot': CMAKE_PREFIX_PATH=/opt/ros/humble /usr/bin/cmake --install /home/abhishek/ros2_ws/build/my_robot
[1.123s] -- Install configuration: ""
[1.123s] -- Installing: /home/abhishek/ros2_ws/install/my_robot/share/ament_index/resource_index/package_run_dependencies/my_robot
[1.123s] -- Installing: /home/abhishek/ros2_ws/install/my_robot/share/ament_index/resource_index/parent_prefix_path/my_robot
[1.124s] -- Installing: /home/abhishek/ros2_ws/install/my_robot/share/my_robot/environment/ament_prefix_path.sh
[1.124s] -- Installing: /home/abhishek/ros2_ws/install/my_robot/share/my_robot/environment/ament_prefix_path.dsv
[1.124s] -- Installing: /home/abhishek/ros2_ws/install/my_robot/share/my_robot/environment/path.sh
[1.124s] -- Installing: /home/abhishek/ros2_ws/install/my_robot/share/my_robot/environment/path.dsv
[1.124s] -- Installing: /home/abhishek/ros2_ws/install/my_robot/share/my_robot/local_setup.bash
[1.124s] -- Installing: /home/abhishek/ros2_ws/install/my_robot/share/my_robot/local_setup.sh
[1.124s] -- Installing: /home/abhishek/ros2_ws/install/my_robot/share/my_robot/local_setup.zsh
[1.124s] -- Installing: /home/abhishek/ros2_ws/install/my_robot/share/my_robot/local_setup.dsv
[1.124s] -- Installing: /home/abhishek/ros2_ws/install/my_robot/share/my_robot/package.dsv
[1.124s] -- Installing: /home/abhishek/ros2_ws/install/my_robot/share/ament_index/resource_index/packages/my_robot
[1.124s] -- Installing: /home/abhishek/ros2_ws/install/my_robot/share/my_robot/cmake/my_robotConfig.cmake
[1.124s] -- Installing: /home/abhishek/ros2_ws/install/my_robot/share/my_robot/cmake/my_robotConfig-version.cmake
[1.124s] -- Installing: /home/abhishek/ros2_ws/install/my_robot/share/my_robot/package.xml
[1.124s] -- Installing: /home/abhishek/ros2_ws/install/my_robot/share/my_robot/launch
[1.124s] -- Installing: /home/abhishek/ros2_ws/install/my_robot/share/my_robot/launch/gazebo.launch.py
[1.124s] -- Installing: /home/abhishek/ros2_ws/install/my_robot/share/my_robot/launch/display.launch.py
[1.124s] -- Installing: /home/abhishek/ros2_ws/install/my_robot/share/my_robot/urdf
[1.124s] -- Installing: /home/abhishek/ros2_ws/install/my_robot/share/my_robot/urdf/my_robot.urdf
[1.124s] -- Installing: /home/abhishek/ros2_ws/install/my_robot/share/my_robot/rviz
[1.126s] Invoked command in '/home/abhishek/ros2_ws/build/my_robot' returned '0': CMAKE_PREFIX_PATH=/opt/ros/humble /usr/bin/cmake --install /home/abhishek/ros2_ws/build/my_robot
